[debug] [2019-03-04T15:37:21.847Z] ----------------------------------------------------------------------
[debug] [2019-03-04T15:37:21.849Z] Command:       /usr/local/bin/node /usr/local/bin/firebase deploy
[debug] [2019-03-04T15:37:21.849Z] CLI Version:   6.3.0
[debug] [2019-03-04T15:37:21.849Z] Platform:      darwin
[debug] [2019-03-04T15:37:21.849Z] Node Version:  v10.15.0
[debug] [2019-03-04T15:37:21.850Z] Time:          Mon Mar 04 2019 15:37:21 GMT+0000 (Greenwich Mean Time)
[debug] [2019-03-04T15:37:21.850Z] ----------------------------------------------------------------------
[debug] 
[debug] [2019-03-04T15:37:21.864Z] > command requires scopes: ["email","openid","https://www.googleapis.com/auth/cloudplatformprojects.readonly","https://www.googleapis.com/auth/firebase","https://www.googleapis.com/auth/cloud-platform"]
[debug] [2019-03-04T15:37:21.864Z] > authorizing via signed-in user
[debug] [2019-03-04T15:37:21.864Z] [iam] checking project myportfolio-30bc1 for permissions ["cloudfunctions.functions.create","cloudfunctions.functions.delete","cloudfunctions.functions.get","cloudfunctions.functions.list","cloudfunctions.functions.update","cloudfunctions.operations.get","firebase.projects.get","firebasehosting.sites.update"]
[debug] [2019-03-04T15:37:21.867Z] >>> HTTP REQUEST POST https://cloudresourcemanager.googleapis.com/v1/projects/myportfolio-30bc1:testIamPermissions  

[debug] [2019-03-04T15:37:23.911Z] <<< HTTP RESPONSE 200
[debug] [2019-03-04T15:37:23.915Z] >>> HTTP REQUEST GET https://firebase.googleapis.com/v1beta1/projects/myportfolio-30bc1  
 
[debug] [2019-03-04T15:37:25.411Z] <<< HTTP RESPONSE 200
[info] 
[info] === Deploying to 'myportfolio-30bc1'...
[info] 
[info] i  deploying functions, hosting
[debug] [2019-03-04T15:37:28.763Z] > [functions] package.json contents: {
  "name": "functions",
  "description": "Cloud Functions for Firebase",
  "scripts": {
    "serve": "firebase serve --only functions",
    "shell": "firebase functions:shell",
    "start": "npm run shell",
    "deploy": "firebase deploy --only functions",
    "logs": "firebase functions:log"
  },
  "dependencies": {
    "body-parser": "^1.18.3",
    "express": "^4.16.4",
    "firebase-admin": "~6.0.0",
    "firebase-functions": "^2.1.0",
    "nodemailer": "^5.1.1"
  },
  "private": true
}
[info] i  functions: ensuring necessary APIs are enabled...
[debug] [2019-03-04T15:37:28.764Z] >>> HTTP REQUEST GET https://servicemanagement.googleapis.com/v1/services/cloudfunctions.googleapis.com/projectSettings/myportfolio-30bc1?view=CONSUMER_VIEW  
 
[debug] [2019-03-04T15:37:28.765Z] >>> HTTP REQUEST GET https://servicemanagement.googleapis.com/v1/services/runtimeconfig.googleapis.com/projectSettings/myportfolio-30bc1?view=CONSUMER_VIEW  
 
[debug] [2019-03-04T15:37:31.133Z] <<< HTTP RESPONSE 200
[debug] [2019-03-04T15:37:33.020Z] <<< HTTP RESPONSE 200
[info] ✔  functions: all necessary APIs are enabled
[debug] [2019-03-04T15:37:33.021Z] >>> HTTP REQUEST GET https://cloudresourcemanager.googleapis.com/v1/projects/myportfolio-30bc1  
 
[debug] [2019-03-04T15:37:34.351Z] <<< HTTP RESPONSE 200
[debug] [2019-03-04T15:37:34.352Z] >>> HTTP REQUEST GET https://mobilesdk-pa.googleapis.com/v1/projects/229068788523:getServerAppConfig  
 
[debug] [2019-03-04T15:37:35.697Z] <<< HTTP RESPONSE 200
[debug] [2019-03-04T15:37:35.700Z] >>> HTTP REQUEST POST https://firebasehosting.googleapis.com/v1beta1/sites/myportfolio-30bc1/versions  

[debug] [2019-03-04T15:37:38.045Z] <<< HTTP RESPONSE 200
[info] i  functions: preparing functions directory for uploading...
[debug] [2019-03-04T15:37:38.051Z] >>> HTTP REQUEST GET https://runtimeconfig.googleapis.com/v1beta1/projects/myportfolio-30bc1/configs  
 
[debug] [2019-03-04T15:37:39.939Z] <<< HTTP RESPONSE 200
[info] i  functions: packaged functions (43.38 KB) for uploading
[debug] [2019-03-04T15:37:40.302Z] >>> HTTP REQUEST POST https://cloudfunctions.googleapis.com/v1/projects/myportfolio-30bc1/locations/us-central1/functions:generateUploadUrl  
 
[debug] [2019-03-04T15:37:41.723Z] <<< HTTP RESPONSE 200
[debug] [2019-03-04T15:37:41.724Z] >>> HTTP REQUEST PUT https://storage.googleapis.com/gcf-upload-us-central1-2c53f933-1632-46da-b968-b0132eb5dfa0/016a767e-a3d0-4dd9-928d-d57d616a08b3.zip?GoogleAccessId=service-229068788523@gcf-admin-robot.iam.gserviceaccount.com&Expires=1551715661&Signature=b%2BMTQJ%2Bys2jkUJd4P5tYzTxd3RgB%2BEYMXj2nRBXZTmWc6E7HFJhTCP35LAJTVj0RFvTFDsGN09cPAdMPftVIXqrg2JccY4AzhQ3YJ8373iY7UXtN6uEYlTKmagdE5hD%2BmdIqWam7OU3gIKOkQ8DwMvQJcAkVHAMAQVYP0XSOrUSoxc%2B8ocZOFdUeSMe6MEKmoyYj9ktpSrXjd%2BKVz4WIYAUK6YEs2kyHYFO9xoIg4dI%2F0C7OYg3mkBxmXe0UFbgW7k%2B3OFN7FdYRWTpnPQGxzIx%2BdHkuKKGZ0cjLDD%2FSUTElV7YUmDDbuqHOBl%2FqAAPYPZcLVU9HqXgq1%2FBWCgktnA%3D%3D  

